{"J:\\CODE\\GitHub\\ajs-7_get-set\\src\\app.js": {"path":"J:\\CODE\\GitHub\\ajs-7_get-set\\src\\app.js","statementMap":{"0":{"start":{"line":5,"column":4},"end":{"line":5,"column":22}},"1":{"start":{"line":6,"column":4},"end":{"line":6,"column":21}},"2":{"start":{"line":7,"column":4},"end":{"line":7,"column":22}},"3":{"start":{"line":8,"column":4},"end":{"line":8,"column":24}},"4":{"start":{"line":9,"column":4},"end":{"line":9,"column":26}},"5":{"start":{"line":13,"column":4},"end":{"line":19,"column":5}},"6":{"start":{"line":14,"column":6},"end":{"line":14,"column":30}},"7":{"start":{"line":15,"column":6},"end":{"line":15,"column":28}},"8":{"start":{"line":16,"column":6},"end":{"line":16,"column":30}},"9":{"start":{"line":18,"column":6},"end":{"line":18,"column":54}},"10":{"start":{"line":23,"column":4},"end":{"line":23,"column":23}},"11":{"start":{"line":27,"column":4},"end":{"line":35,"column":30}},"12":{"start":{"line":35,"column":20},"end":{"line":35,"column":28}},"13":{"start":{"line":39,"column":4},"end":{"line":47,"column":30}},"14":{"start":{"line":47,"column":20},"end":{"line":47,"column":28}},"15":{"start":{"line":51,"column":4},"end":{"line":55,"column":5}},"16":{"start":{"line":52,"column":6},"end":{"line":52,"column":29}},"17":{"start":{"line":54,"column":6},"end":{"line":54,"column":30}}},"fnMap":{"0":{"name":"(anonymous_0)","decl":{"start":{"line":4,"column":2},"end":{"line":4,"column":3}},"loc":{"start":{"line":4,"column":16},"end":{"line":10,"column":3}},"line":4},"1":{"name":"(anonymous_1)","decl":{"start":{"line":12,"column":2},"end":{"line":12,"column":3}},"loc":{"start":{"line":12,"column":23},"end":{"line":20,"column":3}},"line":12},"2":{"name":"(anonymous_2)","decl":{"start":{"line":22,"column":2},"end":{"line":22,"column":3}},"loc":{"start":{"line":22,"column":16},"end":{"line":24,"column":3}},"line":22},"3":{"name":"(anonymous_3)","decl":{"start":{"line":26,"column":2},"end":{"line":26,"column":3}},"loc":{"start":{"line":26,"column":21},"end":{"line":36,"column":3}},"line":26},"4":{"name":"(anonymous_4)","decl":{"start":{"line":35,"column":10},"end":{"line":35,"column":11}},"loc":{"start":{"line":35,"column":20},"end":{"line":35,"column":28}},"line":35},"5":{"name":"(anonymous_5)","decl":{"start":{"line":38,"column":2},"end":{"line":38,"column":3}},"loc":{"start":{"line":38,"column":21},"end":{"line":48,"column":3}},"line":38},"6":{"name":"(anonymous_6)","decl":{"start":{"line":47,"column":10},"end":{"line":47,"column":11}},"loc":{"start":{"line":47,"column":20},"end":{"line":47,"column":28}},"line":47},"7":{"name":"(anonymous_7)","decl":{"start":{"line":50,"column":2},"end":{"line":50,"column":3}},"loc":{"start":{"line":50,"column":13},"end":{"line":56,"column":3}},"line":50}},"branchMap":{"0":{"loc":{"start":{"line":13,"column":4},"end":{"line":19,"column":5}},"type":"if","locations":[{"start":{"line":13,"column":4},"end":{"line":19,"column":5}},{"start":{"line":13,"column":4},"end":{"line":19,"column":5}}],"line":13},"1":{"loc":{"start":{"line":51,"column":4},"end":{"line":55,"column":5}},"type":"if","locations":[{"start":{"line":51,"column":4},"end":{"line":55,"column":5}},{"start":{"line":51,"column":4},"end":{"line":55,"column":5}}],"line":51}},"s":{"0":3,"1":3,"2":3,"3":3,"4":3,"5":4,"6":3,"7":3,"8":3,"9":1,"10":4,"11":3,"12":9,"13":1,"14":3,"15":4,"16":3,"17":1},"f":{"0":3,"1":4,"2":4,"3":3,"4":9,"5":1,"6":3,"7":4},"b":{"0":[3,1],"1":[3,1]},"_coverageSchema":"43e27e138ebf9cfc5966b082cf9a028302ed4184","hash":"cb432f52eff7137a639d70729d3f2f5449bcacd1"}
}
