TN:
SF:J:\CODE\GitHub\ajs-7_get-set\src\app.js
FN:4,(anonymous_0)
FN:12,(anonymous_1)
FN:22,(anonymous_2)
FN:26,(anonymous_3)
FN:35,(anonymous_4)
FN:38,(anonymous_5)
FN:47,(anonymous_6)
FN:50,(anonymous_7)
FNF:8
FNH:8
FNDA:3,(anonymous_0)
FNDA:4,(anonymous_1)
FNDA:4,(anonymous_2)
FNDA:3,(anonymous_3)
FNDA:9,(anonymous_4)
FNDA:1,(anonymous_5)
FNDA:3,(anonymous_6)
FNDA:4,(anonymous_7)
DA:5,3
DA:6,3
DA:7,3
DA:8,3
DA:9,3
DA:13,4
DA:14,3
DA:15,3
DA:16,3
DA:18,1
DA:23,4
DA:27,3
DA:35,9
DA:39,1
DA:47,3
DA:51,4
DA:52,3
DA:54,1
LF:18
LH:18
BRDA:13,0,0,3
BRDA:13,0,1,1
BRDA:51,1,0,3
BRDA:51,1,1,1
BRF:4
BRH:4
end_of_record
